<?xml version="1.0" encoding="UTF-8"?>
<!-- Generated by org.testng.reporters.JUnitReportReporter -->
<testsuite hostname="DESKTOP-V8727EP" failures="0" tests="2" name="Cucumber.TestNGTestRunner" time="22.226" errors="0" timestamp="2024-11-23T01:56:39 CST" skipped="0">
  <testcase classname="Cucumber.TestNGTestRunner" name="runScenario" time="11.334"/>
  <testcase classname="Cucumber.TestNGTestRunner" name="runScenario" time="10.892"/>
</testsuite> <!-- Cucumber.TestNGTestRunner -->
