<?xml version="1.0" encoding="UTF-8"?>
<!-- Generated by org.testng.reporters.JUnitReportReporter -->
<testsuite hostname="DESKTOP-V8727EP" failures="0" tests="2" name="AlainVelasquez.Tests.ErrorValidation" time="13.680" errors="0" timestamp="2024-11-18T17:47:13 CST" skipped="0">
  <testcase classname="AlainVelasquez.Tests.ErrorValidation" name="invalidLogin" time="4.744"/>
  <testcase classname="AlainVelasquez.Tests.ErrorValidation" name="invalidProduct" time="8.936"/>
</testsuite> <!-- AlainVelasquez.Tests.ErrorValidation -->
