<?xml version="1.0" encoding="UTF-8"?>
<!-- Generated by org.testng.reporters.JUnitReportReporter -->
<testsuite hostname="DESKTOP-V8727EP" failures="0" tests="2" name="AlainVelasquez.Tests.StandAloneTest" time="15.349" errors="0" timestamp="2024-11-17T16:43:22 CST" skipped="0">
  <testcase classname="AlainVelasquez.Tests.StandAloneTest" name="validateOrder" time="3.338"/>
  <testcase classname="AlainVelasquez.Tests.StandAloneTest" name="submitOrder" time="12.011"/>
</testsuite> <!-- AlainVelasquez.Tests.StandAloneTest -->
