<?xml version="1.0" encoding="UTF-8"?>
<!-- Generated by org.testng.reporters.JUnitReportReporter -->
<testsuite hostname="DESKTOP-V8727EP" failures="0" tests="4" name="AlainVelasquez.Tests.SubmitOrderTest" time="30.858" errors="0" timestamp="2024-11-18T17:47:13 CST" skipped="0">
  <testcase classname="AlainVelasquez.Tests.SubmitOrderTest" name="submitOrder" time="10.110"/>
  <testcase classname="AlainVelasquez.Tests.SubmitOrderTest" name="submitOrder" time="10.806"/>
  <testcase classname="AlainVelasquez.Tests.SubmitOrderTest" name="validateOrder" time="4.949"/>
  <testcase classname="AlainVelasquez.Tests.SubmitOrderTest" name="validateOrder" time="4.993"/>
</testsuite> <!-- AlainVelasquez.Tests.SubmitOrderTest -->
