<?xml version="1.0" encoding="UTF-8"?>
<!-- Generated by org.testng.reporters.JUnitReportReporter -->
<testsuite hostname="DESKTOP-V8727EP" failures="0" tests="1" name="AlainVelasquez.SeleniumFramework.StandAloneTest" time="12.430" errors="0" timestamp="2024-11-17T14:38:44 CST" skipped="0">
  <testcase classname="AlainVelasquez.SeleniumFramework.StandAloneTest" name="submitOrder" time="12.430"/>
</testsuite> <!-- AlainVelasquez.SeleniumFramework.StandAloneTest -->
