<?xml version="1.0" encoding="UTF-8"?>
<!-- Generated by org.testng.reporters.JUnitReportReporter -->
<testsuite hostname="DESKTOP-V8727EP" failures="0" tests="4" name="AlainVelasquez.Tests.SubmitOrderTest" time="37.521" errors="0" timestamp="2024-11-18T17:04:41 CST" skipped="0">
  <testcase classname="AlainVelasquez.Tests.SubmitOrderTest" name="submitOrder" time="13.170"/>
  <testcase classname="AlainVelasquez.Tests.SubmitOrderTest" name="submitOrder" time="11.506"/>
  <testcase classname="AlainVelasquez.Tests.SubmitOrderTest" name="validateOrder" time="6.336"/>
  <testcase classname="AlainVelasquez.Tests.SubmitOrderTest" name="validateOrder" time="6.509"/>
</testsuite> <!-- AlainVelasquez.Tests.SubmitOrderTest -->
