<?xml version="1.0" encoding="UTF-8"?>
<!-- Generated by org.testng.reporters.JUnitReportReporter -->
<testsuite hostname="DESKTOP-V8727EP" failures="0" tests="2" name="AlainVelasquez.Tests.ErrorValidation" time="15.403" errors="0" timestamp="2024-11-21T14:37:44 CST" skipped="0">
  <testcase classname="AlainVelasquez.Tests.ErrorValidation" name="invalidLogin" time="5.420"/>
  <testcase classname="AlainVelasquez.Tests.ErrorValidation" name="invalidProduct" time="9.983"/>
</testsuite> <!-- AlainVelasquez.Tests.ErrorValidation -->
