<?xml version="1.0" encoding="UTF-8"?>
<!-- Generated by org.testng.reporters.JUnitReportReporter -->
<testsuite hostname="DESKTOP-V8727EP" failures="0" tests="4" name="AlainVelasquez.Tests.SubmitOrderTest" time="36.178" errors="0" timestamp="2024-11-21T14:55:52 CST" skipped="0">
  <testcase classname="AlainVelasquez.Tests.SubmitOrderTest" name="submitOrder" time="12.542"/>
  <testcase classname="AlainVelasquez.Tests.SubmitOrderTest" name="submitOrder" time="11.510"/>
  <testcase classname="AlainVelasquez.Tests.SubmitOrderTest" name="validateOrder" time="5.976"/>
  <testcase classname="AlainVelasquez.Tests.SubmitOrderTest" name="validateOrder" time="6.150"/>
</testsuite> <!-- AlainVelasquez.Tests.SubmitOrderTest -->
